<?xml version="1.0" encoding="utf-8"?><testsuites><testsuite name="pytest" errors="1" failures="0" skipped="0" tests="1" time="3.918" timestamp="2023-10-29T11:46:53.359748" hostname="Desktop"><testcase classname="" name="tests.unit.test_shutdown" time="0.000"><error message="collection failure">tests/unit/test_shutdown.py:48: in &lt;module&gt;
    test()
tests/unit/test_shutdown.py:39: in test
    app.init()
src/radon/cli.py:151: in init
    create_root()
src/radon/database.py:163: in create_root
    return Collection.get_root()
src/radon/model/collection.py:269: in get_root
    root = Collection.create_root()
src/radon/model/collection.py:193: in create_root
    Notification.create_collection(radon.cfg.sys_lib_user, "/", payload)
E   AttributeError: type object 'Notification' has no attribute 'create_collection'</error></testcase></testsuite></testsuites>