<?xml version="1.0" encoding="utf-8"?><testsuites><testsuite name="pytest" errors="0" failures="0" skipped="0" tests="158" time="47.152" timestamp="2024-04-18T20:56:44.551521" hostname="Desktop"><testcase classname="tests.unit.test_radon_database" name="test_creation" time="1.606" /><testcase classname="tests.unit.test_radon_database" name="test_destroy" time="0.100" /><testcase classname="tests.unit.test_radon_database" name="test_initialise" time="0.176" /><testcase classname="tests.unit.test_radon_database" name="test_fail_initialise" time="0.001" /><testcase classname="tests.unit.test_radon_database" name="test_fail_connection_setup" time="0.201" /><testcase classname="tests.unit.test_radon_database" name="test_keyspace_network_topology" time="0.115" /><testcase classname="tests.unit.test_radon_database" name="test_keyspace_simple" time="0.162" /><testcase classname="tests.unit.test_radon_database" name="test_tables" time="1.508" /><testcase classname="tests.unit.test_radon_database" name="test_search_field" time="3.283" /><testcase classname="tests.unit.test_radon_log" name="test_debug_logger" time="0.001" /><testcase classname="tests.unit.test_radon_log" name="test_default_logger" time="0.001" /><testcase classname="tests.unit.test_radon_model_acl" name="test_acemask_to_str" time="1.090" /><testcase classname="tests.unit.test_radon_model_acl" name="test_cdmi_str_to_aceflag" time="0.002" /><testcase classname="tests.unit.test_radon_model_acl" name="test_cdmi_str_to_acemask" time="0.002" /><testcase classname="tests.unit.test_radon_model_acl" name="test_acl_cdmi_to_cql" time="0.009" /><testcase classname="tests.unit.test_radon_model_acl" name="test_acl_list_to_cql" time="0.008" /><testcase classname="tests.unit.test_radon_model_acl" name="test_str_to_acemask" time="0.000" /><testcase classname="tests.unit.test_radon_model_acl" name="test_str" time="0.006" /><testcase classname="tests.unit.test_radon_model_acl" name="test_aceflag_to_cdmi_str" time="0.000" /><testcase classname="tests.unit.test_radon_model_acl" name="test_acemask_to_cdmi_str" time="0.000" /><testcase classname="tests.unit.test_radon_model_acl" name="test_serialize_acl_metadata" time="0.519" /><testcase classname="tests.unit.test_radon_model_collection" name="test_collection" time="1.611" /><testcase classname="tests.unit.test_radon_model_collection" name="test_delete_all" time="0.203" /><testcase classname="tests.unit.test_radon_model_collection" name="test_delete" time="0.359" /><testcase classname="tests.unit.test_radon_model_collection" name="test_find" time="0.099" /><testcase classname="tests.unit.test_radon_model_collection" name="test_get_root" time="0.005" /><testcase classname="tests.unit.test_radon_model_collection" name="test_create_acl" time="0.250" /><testcase classname="tests.unit.test_radon_model_collection" name="test_create_acl_fail" time="0.145" /><testcase classname="tests.unit.test_radon_model_collection" name="test_update_acl" time="0.080" /><testcase classname="tests.unit.test_radon_model_collection" name="test_update_acl_via_metadata" time="0.099" /><testcase classname="tests.unit.test_radon_model_collection" name="test_update_acl_list" time="0.101" /><testcase classname="tests.unit.test_radon_model_collection" name="test_get_acl" time="0.047" /><testcase classname="tests.unit.test_radon_model_collection" name="test_get_child" time="0.367" /><testcase classname="tests.unit.test_radon_model_collection" name="test_metadata" time="0.064" /><testcase classname="tests.unit.test_radon_model_collection" name="test_to_dict" time="0.139" /><testcase classname="tests.unit.test_radon_model_collection" name="test_update" time="0.812" /><testcase classname="tests.unit.test_radon_model_config" name="test_config" time="0.001" /><testcase classname="tests.unit.test_radon_model_config" name="test_indexes" time="2.559" /><testcase classname="tests.unit.test_radon_model_config" name="test_to_dict" time="0.001" /><testcase classname="tests.unit.test_radon_model_config" name="test_repr" time="0.001" /><testcase classname="tests.unit.test_radon_model_data_object" name="test_create" time="1.350" /><testcase classname="tests.unit.test_radon_model_data_object" name="test_delete_id" time="0.003" /><testcase classname="tests.unit.test_radon_model_data_object" name="test_update" time="0.058" /><testcase classname="tests.unit.test_radon_model_data_object" name="test_append" time="0.614" /><testcase classname="tests.unit.test_radon_model_error" name="test_model" time="0.003" /><testcase classname="tests.unit.test_radon_model_error" name="test_resource_conflict" time="0.003" /><testcase classname="tests.unit.test_radon_model_error" name="test_no_such_resource" time="0.003" /><testcase classname="tests.unit.test_radon_model_error" name="test_no_collection_conflict" time="0.002" /><testcase classname="tests.unit.test_radon_model_error" name="test_no_such_collection" time="0.002" /><testcase classname="tests.unit.test_radon_model_error" name="test_group_conflict" time="0.002" /><testcase classname="tests.unit.test_radon_model_error" name="test_user_conflict" time="0.001" /><testcase classname="tests.unit.test_radon_model_group" name="test_create" time="1.329" /><testcase classname="tests.unit.test_radon_model_group" name="test_add_user" time="0.446" /><testcase classname="tests.unit.test_radon_model_group" name="test_to_dict" time="0.076" /><testcase classname="tests.unit.test_radon_model_group" name="test_update" time="0.673" /><testcase classname="tests.unit.test_radon_model_microservices" name="test_create_collection" time="1.236" /><testcase classname="tests.unit.test_radon_model_microservices" name="test_create_group" time="0.081" /><testcase classname="tests.unit.test_radon_model_microservices" name="test_create_resource" time="0.227" /><testcase classname="tests.unit.test_radon_model_microservices" name="test_create_user" time="0.143" /><testcase classname="tests.unit.test_radon_model_microservices" name="test_delete_collection" time="0.246" /><testcase classname="tests.unit.test_radon_model_microservices" name="test_delete_group" time="0.097" /><testcase classname="tests.unit.test_radon_model_microservices" name="test_delete_resource" time="0.152" /><testcase classname="tests.unit.test_radon_model_microservices" name="test_delete_user" time="0.107" /><testcase classname="tests.unit.test_radon_model_microservices" name="test_update_collection" time="0.215" /><testcase classname="tests.unit.test_radon_model_microservices" name="test_update_group" time="0.155" /><testcase classname="tests.unit.test_radon_model_microservices" name="test_update_resource" time="0.226" /><testcase classname="tests.unit.test_radon_model_microservices" name="test_update_user" time="0.906" /><testcase classname="tests.unit.test_radon_model_notification" name="test_publish" time="1.205" /><testcase classname="tests.unit.test_radon_model_notification" name="test_recent" time="0.004" /><testcase classname="tests.unit.test_radon_model_notification" name="test_create_collection_fail" time="0.036" /><testcase classname="tests.unit.test_radon_model_notification" name="test_create_collection_request" time="0.032" /><testcase classname="tests.unit.test_radon_model_notification" name="test_create_collection_success" time="0.056" /><testcase classname="tests.unit.test_radon_model_notification" name="test_create_group_fail" time="0.045" /><testcase classname="tests.unit.test_radon_model_notification" name="test_create_group_request" time="0.053" /><testcase classname="tests.unit.test_radon_model_notification" name="test_create_group_success" time="0.040" /><testcase classname="tests.unit.test_radon_model_notification" name="test_create_resource_fail" time="0.054" /><testcase classname="tests.unit.test_radon_model_notification" name="test_create_resource_request" time="0.058" /><testcase classname="tests.unit.test_radon_model_notification" name="test_create_resource_success" time="0.044" /><testcase classname="tests.unit.test_radon_model_notification" name="test_create_user_fail" time="0.034" /><testcase classname="tests.unit.test_radon_model_notification" name="test_create_user_request" time="0.042" /><testcase classname="tests.unit.test_radon_model_notification" name="test_create_user_success" time="0.050" /><testcase classname="tests.unit.test_radon_model_notification" name="test_delete_collection_fail" time="0.053" /><testcase classname="tests.unit.test_radon_model_notification" name="test_delete_collection_request" time="0.074" /><testcase classname="tests.unit.test_radon_model_notification" name="test_delete_collection_success" time="0.062" /><testcase classname="tests.unit.test_radon_model_notification" name="test_delete_group_fail" time="0.049" /><testcase classname="tests.unit.test_radon_model_notification" name="test_delete_group_request" time="0.052" /><testcase classname="tests.unit.test_radon_model_notification" name="test_delete_group_success" time="0.034" /><testcase classname="tests.unit.test_radon_model_notification" name="test_delete_resource_fail" time="0.045" /><testcase classname="tests.unit.test_radon_model_notification" name="test_delete_resource_request" time="0.053" /><testcase classname="tests.unit.test_radon_model_notification" name="test_delete_resource_success" time="0.049" /><testcase classname="tests.unit.test_radon_model_notification" name="test_delete_user_fail" time="0.031" /><testcase classname="tests.unit.test_radon_model_notification" name="test_delete_user_request" time="0.028" /><testcase classname="tests.unit.test_radon_model_notification" name="test_delete_user_success" time="0.028" /><testcase classname="tests.unit.test_radon_model_notification" name="test_update_collection_fail" time="0.033" /><testcase classname="tests.unit.test_radon_model_notification" name="test_update_collection_request" time="0.032" /><testcase classname="tests.unit.test_radon_model_notification" name="test_update_collection_success" time="0.031" /><testcase classname="tests.unit.test_radon_model_notification" name="test_update_group_fail" time="0.023" /><testcase classname="tests.unit.test_radon_model_notification" name="test_update_group_request" time="0.023" /><testcase classname="tests.unit.test_radon_model_notification" name="test_update_group_success" time="0.023" /><testcase classname="tests.unit.test_radon_model_notification" name="test_update_resource_fail" time="0.036" /><testcase classname="tests.unit.test_radon_model_notification" name="test_update_resource_request" time="0.036" /><testcase classname="tests.unit.test_radon_model_notification" name="test_update_resource_success" time="0.036" /><testcase classname="tests.unit.test_radon_model_notification" name="test_update_user_fail" time="0.028" /><testcase classname="tests.unit.test_radon_model_notification" name="test_update_user_request" time="0.026" /><testcase classname="tests.unit.test_radon_model_notification" name="test_update_user_success" time="0.657" /><testcase classname="tests.unit.test_radon_model_payload" name="test_payload" time="1.794" /><testcase classname="tests.unit.test_radon_model_resource" name="test_acl" time="2.022" /><testcase classname="tests.unit.test_radon_model_resource" name="test_chunk_content" time="0.327" /><testcase classname="tests.unit.test_radon_model_resource" name="test_create_acl_fail" time="0.074" /><testcase classname="tests.unit.test_radon_model_resource" name="test_create_with_acl_via_metadata" time="0.076" /><testcase classname="tests.unit.test_radon_model_resource" name="test_create_fail" time="0.087" /><testcase classname="tests.unit.test_radon_model_resource" name="test_delete" time="0.046" /><testcase classname="tests.unit.test_radon_model_resource" name="test_dict" time="0.106" /><testcase classname="tests.unit.test_radon_model_resource" name="test_find" time="0.050" /><testcase classname="tests.unit.test_radon_model_resource" name="test_find_fail" time="0.002" /><testcase classname="tests.unit.test_radon_model_resource" name="test_resource" time="0.263" /><testcase classname="tests.unit.test_radon_model_resource" name="test_metadata" time="0.204" /><testcase classname="tests.unit.test_radon_model_resource" name="test_path" time="0.097" /><testcase classname="tests.unit.test_radon_model_resource" name="test_size" time="0.141" /><testcase classname="tests.unit.test_radon_model_resource" name="test_update" time="0.325" /><testcase classname="tests.unit.test_radon_model_resource" name="test_update_acl" time="0.095" /><testcase classname="tests.unit.test_radon_model_resource" name="test_update_acl_list" time="0.082" /><testcase classname="tests.unit.test_radon_model_resource" name="test_update_acl_via_metadata" time="0.097" /><testcase classname="tests.unit.test_radon_model_resource" name="test_user_can" time="0.074" /><testcase classname="tests.unit.test_radon_model_resource" name="test_nourlresource" time="0.002" /><testcase classname="tests.unit.test_radon_model_resource" name="test_put" time="0.859" /><testcase classname="tests.unit.test_radon_model_search" name="test_search" time="4.451" /><testcase classname="tests.unit.test_radon_model_user" name="test_authenticate" time="1.432" /><testcase classname="tests.unit.test_radon_model_user" name="test_delete" time="0.079" /><testcase classname="tests.unit.test_radon_model_user" name="test_dict" time="0.108" /><testcase classname="tests.unit.test_radon_model_user" name="test_group" time="0.317" /><testcase classname="tests.unit.test_radon_model_user" name="test_update" time="0.088" /><testcase classname="tests.unit.test_radon_model_user" name="test_users" time="0.685" /><testcase classname="tests.unit.test_radon_model_util" name="test_default_cdmi_id" time="1.416" /><testcase classname="tests.unit.test_radon_model_util" name="test_datetime_serializer" time="0.002" /><testcase classname="tests.unit.test_radon_model_util" name="test_decode_encode_meta" time="0.002" /><testcase classname="tests.unit.test_radon_model_util" name="test_default_date" time="0.005" /><testcase classname="tests.unit.test_radon_model_util" name="test_default_time" time="0.003" /><testcase classname="tests.unit.test_radon_model_util" name="test_default_uuid" time="0.003" /><testcase classname="tests.unit.test_radon_model_util" name="test_encrypt_password" time="0.020" /><testcase classname="tests.unit.test_radon_model_util" name="test_guess_mimetype" time="0.004" /><testcase classname="tests.unit.test_radon_model_util" name="test_is_collection" time="0.009" /><testcase classname="tests.unit.test_radon_model_util" name="test_is_reference" time="0.000" /><testcase classname="tests.unit.test_radon_model_util" name="test_is_resource" time="0.005" /><testcase classname="tests.unit.test_radon_model_util" name="test_last_x_days" time="0.000" /><testcase classname="tests.unit.test_radon_model_util" name="test_merge" time="0.000" /><testcase classname="tests.unit.test_radon_model_util" name="test_meta_cdmi_to_cassandra" time="0.000" /><testcase classname="tests.unit.test_radon_model_util" name="test_metadata_to_list" time="0.000" /><testcase classname="tests.unit.test_radon_model_util" name="test_mk_cassandra_url" time="0.000" /><testcase classname="tests.unit.test_radon_model_util" name="test_path_exists" time="0.012" /><testcase classname="tests.unit.test_radon_model_util" name="test_payload_add" time="0.000" /><testcase classname="tests.unit.test_radon_model_util" name="test_random_password" time="0.000" /><testcase classname="tests.unit.test_radon_model_util" name="test_split" time="0.000" /><testcase classname="tests.unit.test_radon_model_util" name="test_verify_ldap_password" time="0.353" /><testcase classname="tests.unit.test_radon_model_util" name="test_verify_password" time="0.597" /><testcase classname="tests.unit.test_radon_util" name="test_debug_logger" time="0.001" /><testcase classname="tests.unit.test_radon_util" name="test_default_logger" time="0.001" /><testcase classname="tests.unit.test_shutdown" name="test" time="1.477" /></testsuite></testsuites>