<?xml version="1.0" encoding="utf-8"?><testsuites><testsuite errors="0" failures="0" hostname="devel" name="pytest" skipped="0" tests="3" time="0.471" timestamp="2020-04-17T08:36:17.399640"><testcase classname="tests.unit.test_radon" file="tests/unit/test_radon.py" line="29" name="test_config" time="0.002"></testcase><testcase classname="tests.unit.test_radon_resource" file="tests/unit/test_radon_resource.py" line="21" name="test_is_reference" time="0.001"></testcase><testcase classname="tests.unit.test_radon_util" file="tests/unit/test_radon_util.py" line="19" name="test_split" time="0.001"></testcase></testsuite></testsuites>